{"level":"info","time":"2023-10-26 10:45:16","caller":"cron/cron_start.go:28","msg":"开始初始化后台任务","domain":"go-gin-api[fat]"}
{"level":"info","time":"2023-10-26 10:45:16","caller":"cron/cron_start.go:48","msg":"后台任务初始化完成，总数量：0","domain":"go-gin-api[fat]"}
{"level":"info","time":"2023-10-26 10:46:48","caller":"cron/cron_start.go:28","msg":"开始初始化后台任务","domain":"go-gin-api[fat]"}
{"level":"info","time":"2023-10-26 10:46:48","caller":"cron/cron_start.go:48","msg":"后台任务初始化完成，总数量：0","domain":"go-gin-api[fat]"}
{"level":"info","time":"2023-10-26 10:48:54","caller":"cron/cron_start.go:28","msg":"开始初始化后台任务","domain":"go-gin-api[fat]"}
{"level":"info","time":"2023-10-26 10:48:54","caller":"cron/cron_start.go:48","msg":"后台任务初始化完成，总数量：0","domain":"go-gin-api[fat]"}
{"level":"info","time":"2023-10-26 10:49:11","caller":"cron/cron_start.go:28","msg":"开始初始化后台任务","domain":"go-gin-api[fat]"}
{"level":"info","time":"2023-10-26 10:49:11","caller":"cron/cron_start.go:48","msg":"后台任务初始化完成，总数量：0","domain":"go-gin-api[fat]"}
{"level":"info","time":"2023-10-26 10:49:17","caller":"cron/cron_start.go:28","msg":"开始初始化后台任务","domain":"go-gin-api[fat]"}
{"level":"info","time":"2023-10-26 10:49:17","caller":"cron/cron_start.go:48","msg":"后台任务初始化完成，总数量：0","domain":"go-gin-api[fat]"}
{"level":"info","time":"2023-10-26 10:50:21","caller":"cron/cron_start.go:28","msg":"开始初始化后台任务","domain":"go-gin-api[fat]"}
{"level":"info","time":"2023-10-26 10:50:21","caller":"cron/cron_start.go:48","msg":"后台任务初始化完成，总数量：0","domain":"go-gin-api[fat]"}
{"level":"info","time":"2023-10-26 10:51:45","caller":"cron/cron_start.go:28","msg":"开始初始化后台任务","domain":"go-gin-api[fat]"}
{"level":"info","time":"2023-10-26 10:51:45","caller":"cron/cron_start.go:48","msg":"后台任务初始化完成，总数量：0","domain":"go-gin-api[fat]"}
{"level":"info","time":"2023-10-26 11:08:37","caller":"cron/cron_start.go:28","msg":"开始初始化后台任务","domain":"go-gin-api[fat]"}
{"level":"info","time":"2023-10-26 11:08:37","caller":"cron/cron_start.go:48","msg":"后台任务初始化完成，总数量：0","domain":"go-gin-api[fat]"}
{"level":"info","time":"2023-10-26 11:09:34","caller":"cron/cron_start.go:28","msg":"开始初始化后台任务","domain":"go-gin-api[fat]"}
{"level":"info","time":"2023-10-26 11:09:34","caller":"cron/cron_start.go:48","msg":"后台任务初始化完成，总数量：0","domain":"go-gin-api[fat]"}
{"level":"info","time":"2023-10-26 11:32:12","caller":"cron/cron_start.go:28","msg":"开始初始化后台任务","domain":"go-gin-api[fat]"}
{"level":"info","time":"2023-10-26 11:32:12","caller":"cron/cron_start.go:48","msg":"后台任务初始化完成，总数量：0","domain":"go-gin-api[fat]"}
{"level":"info","time":"2023-10-26 11:32:12","caller":"cron/cron_start.go:28","msg":"开始初始化后台任务","domain":"go-gin-api[fat]"}
{"level":"info","time":"2023-10-26 11:32:12","caller":"cron/cron_start.go:48","msg":"后台任务初始化完成，总数量：0","domain":"go-gin-api[fat]"}
{"level":"info","time":"2023-10-26 11:53:47","caller":"cron/cron_start.go:28","msg":"开始初始化后台任务","domain":"go-gin-api[fat]"}
{"level":"info","time":"2023-10-26 11:53:47","caller":"cron/cron_start.go:48","msg":"后台任务初始化完成，总数量：0","domain":"go-gin-api[fat]"}
{"level":"fatal","time":"2023-10-26 12:07:22","caller":"cron/cron_start.go:21","msg":"cron initialize tasks count err","domain":"go-gin-api[fat]","error":"Error 1146: Table 'fileupdata.cron_task' doesn't exist"}
{"level":"fatal","time":"2023-10-26 12:07:31","caller":"cron/cron_start.go:21","msg":"cron initialize tasks count err","domain":"go-gin-api[fat]","error":"Error 1146: Table 'fileupdata.cron_task' doesn't exist"}
{"level":"info","time":"2023-10-26 12:09:47","caller":"cron/cron_start.go:28","msg":"开始初始化后台任务","domain":"go-gin-api[fat]"}
{"level":"info","time":"2023-10-26 12:09:47","caller":"cron/cron_start.go:48","msg":"后台任务初始化完成，总数量：0","domain":"go-gin-api[fat]"}
{"level":"info","time":"2023-10-26 12:26:13","caller":"cron/cron_start.go:28","msg":"开始初始化后台任务","domain":"go-gin-api[fat]"}
{"level":"info","time":"2023-10-26 12:26:13","caller":"cron/cron_start.go:48","msg":"后台任务初始化完成，总数量：0","domain":"go-gin-api[fat]"}
{"level":"info","time":"2023-10-26 14:02:11","caller":"cron/cron_start.go:28","msg":"开始初始化后台任务","domain":"go-gin-api[fat]"}
{"level":"info","time":"2023-10-26 14:02:11","caller":"cron/cron_start.go:48","msg":"后台任务初始化完成，总数量：0","domain":"go-gin-api[fat]"}
{"level":"info","time":"2023-10-26 14:03:02","caller":"cron/cron_start.go:28","msg":"开始初始化后台任务","domain":"go-gin-api[fat]"}
{"level":"info","time":"2023-10-26 14:03:02","caller":"cron/cron_start.go:48","msg":"后台任务初始化完成，总数量：0","domain":"go-gin-api[fat]"}
{"level":"info","time":"2023-10-26 14:32:39","caller":"cron/cron_start.go:28","msg":"开始初始化后台任务","domain":"go-gin-api[fat]"}
{"level":"info","time":"2023-10-26 14:32:39","caller":"cron/cron_start.go:48","msg":"后台任务初始化完成，总数量：0","domain":"go-gin-api[fat]"}
{"level":"info","time":"2023-10-26 14:33:40","caller":"cron/cron_start.go:28","msg":"开始初始化后台任务","domain":"go-gin-api[fat]"}
{"level":"info","time":"2023-10-26 14:33:40","caller":"cron/cron_start.go:48","msg":"后台任务初始化完成，总数量：0","domain":"go-gin-api[fat]"}
{"level":"info","time":"2023-10-26 14:36:36","caller":"cron/cron_start.go:28","msg":"开始初始化后台任务","domain":"go-gin-api[fat]"}
{"level":"info","time":"2023-10-26 14:36:36","caller":"cron/cron_start.go:48","msg":"后台任务初始化完成，总数量：0","domain":"go-gin-api[fat]"}
{"level":"info","time":"2023-10-26 14:39:17","caller":"cron/cron_start.go:28","msg":"开始初始化后台任务","domain":"go-gin-api[fat]"}
{"level":"info","time":"2023-10-26 14:39:17","caller":"cron/cron_start.go:48","msg":"后台任务初始化完成，总数量：0","domain":"go-gin-api[fat]"}
{"level":"info","time":"2023-10-26 14:54:37","caller":"cron/cron_start.go:28","msg":"开始初始化后台任务","domain":"go-gin-api[fat]"}
{"level":"info","time":"2023-10-26 14:54:37","caller":"cron/cron_start.go:48","msg":"后台任务初始化完成，总数量：0","domain":"go-gin-api[fat]"}
{"level":"info","time":"2023-10-26 14:55:10","caller":"cron/cron_start.go:28","msg":"开始初始化后台任务","domain":"go-gin-api[fat]"}
{"level":"info","time":"2023-10-26 14:55:10","caller":"cron/cron_start.go:48","msg":"后台任务初始化完成，总数量：0","domain":"go-gin-api[fat]"}
{"level":"info","time":"2023-10-26 14:55:41","caller":"cron/cron_start.go:28","msg":"开始初始化后台任务","domain":"go-gin-api[fat]"}
{"level":"info","time":"2023-10-26 14:55:41","caller":"cron/cron_start.go:48","msg":"后台任务初始化完成，总数量：0","domain":"go-gin-api[fat]"}
{"level":"info","time":"2023-10-26 14:55:58","caller":"cron/cron_start.go:28","msg":"开始初始化后台任务","domain":"go-gin-api[fat]"}
{"level":"info","time":"2023-10-26 14:55:58","caller":"cron/cron_start.go:48","msg":"后台任务初始化完成，总数量：0","domain":"go-gin-api[fat]"}
{"level":"info","time":"2023-10-26 14:59:17","caller":"cron/cron_start.go:28","msg":"开始初始化后台任务","domain":"go-gin-api[fat]"}
{"level":"info","time":"2023-10-26 14:59:17","caller":"cron/cron_start.go:48","msg":"后台任务初始化完成，总数量：0","domain":"go-gin-api[fat]"}
{"level":"info","time":"2023-10-26 14:59:41","caller":"cron/cron_start.go:28","msg":"开始初始化后台任务","domain":"go-gin-api[fat]"}
{"level":"info","time":"2023-10-26 14:59:41","caller":"cron/cron_start.go:48","msg":"后台任务初始化完成，总数量：0","domain":"go-gin-api[fat]"}
{"level":"info","time":"2023-10-26 15:04:06","caller":"cron/cron_start.go:28","msg":"开始初始化后台任务","domain":"go-gin-api[fat]"}
{"level":"info","time":"2023-10-26 15:04:06","caller":"cron/cron_start.go:48","msg":"后台任务初始化完成，总数量：0","domain":"go-gin-api[fat]"}
{"level":"info","time":"2023-10-26 15:04:26","caller":"cron/cron_start.go:28","msg":"开始初始化后台任务","domain":"go-gin-api[fat]"}
{"level":"info","time":"2023-10-26 15:04:26","caller":"cron/cron_start.go:48","msg":"后台任务初始化完成，总数量：0","domain":"go-gin-api[fat]"}
{"level":"info","time":"2023-10-26 15:06:39","caller":"cron/cron_start.go:28","msg":"开始初始化后台任务","domain":"go-gin-api[fat]"}
{"level":"info","time":"2023-10-26 15:06:39","caller":"cron/cron_start.go:48","msg":"后台任务初始化完成，总数量：0","domain":"go-gin-api[fat]"}
{"level":"info","time":"2023-10-26 15:23:11","caller":"cron/cron_start.go:28","msg":"开始初始化后台任务","domain":"go-gin-api[fat]"}
{"level":"info","time":"2023-10-26 15:23:11","caller":"cron/cron_start.go:48","msg":"后台任务初始化完成，总数量：0","domain":"go-gin-api[fat]"}
{"level":"info","time":"2023-10-26 16:01:03","caller":"cron/cron_start.go:28","msg":"开始初始化后台任务","domain":"go-gin-api[dev]"}
{"level":"info","time":"2023-10-26 16:01:03","caller":"cron/cron_start.go:48","msg":"后台任务初始化完成，总数量：0","domain":"go-gin-api[dev]"}
{"level":"info","time":"2023-10-26 16:05:10","caller":"cron/cron_start.go:28","msg":"开始初始化后台任务","domain":"go-gin-api[pro]"}
{"level":"info","time":"2023-10-26 16:05:10","caller":"cron/cron_start.go:48","msg":"后台任务初始化完成，总数量：0","domain":"go-gin-api[pro]"}
{"level":"info","time":"2023-10-26 16:06:36","caller":"cron/cron_start.go:28","msg":"开始初始化后台任务","domain":"go-gin-api[fat]"}
{"level":"info","time":"2023-10-26 16:06:36","caller":"cron/cron_start.go:48","msg":"后台任务初始化完成，总数量：0","domain":"go-gin-api[fat]"}
{"level":"info","time":"2023-10-26 16:15:52","caller":"cron/cron_start.go:28","msg":"开始初始化后台任务","domain":"go-gin-api[fat]"}
{"level":"info","time":"2023-10-26 16:15:52","caller":"cron/cron_start.go:48","msg":"后台任务初始化完成，总数量：0","domain":"go-gin-api[fat]"}
{"level":"info","time":"2023-10-26 16:18:39","caller":"cron/cron_start.go:28","msg":"开始初始化后台任务","domain":"go-gin-api[dev]"}
{"level":"info","time":"2023-10-26 16:18:39","caller":"cron/cron_start.go:48","msg":"后台任务初始化完成，总数量：0","domain":"go-gin-api[dev]"}
